<?xml version="1.0" encoding="UTF-8"?>
<!-- Generated by org.testng.reporters.JUnitXMLReporter -->
<testsuite hostname="DESKTOP-MQ1PM19" name="CompanyRelated" tests="20" failures="0" timestamp="19 Jun 2019 13:37:01 GMT" time="0.525" errors="0">
  <testcase name="subTest4_1" time="0.0" classname="com.selenium.mindmatrix.project.CompanyRelated.TestCompanyCreation">
    <skipped/>
  </testcase> <!-- subTest4_1 -->
  <testcase name="subTest4_2" time="0.0" classname="com.selenium.mindmatrix.project.CompanyRelated.TestCompanyCreation">
    <skipped/>
  </testcase> <!-- subTest4_2 -->
  <testcase name="subTest4_3" time="0.0" classname="com.selenium.mindmatrix.project.CompanyRelated.TestCompanyCreation">
    <skipped/>
  </testcase> <!-- subTest4_3 -->
  <testcase name="subTest4_4" time="0.0" classname="com.selenium.mindmatrix.project.CompanyRelated.TestCompanyCreation">
    <skipped/>
  </testcase> <!-- subTest4_4 -->
  <testcase name="subTest4_6" time="0.0" classname="com.selenium.mindmatrix.project.CompanyRelated.TestCompanyCreation">
    <skipped/>
  </testcase> <!-- subTest4_6 -->
  <testcase name="subTest4_7" time="0.0" classname="com.selenium.mindmatrix.project.CompanyRelated.TestCompanyCreation">
    <skipped/>
  </testcase> <!-- subTest4_7 -->
  <testcase name="subTest4_8" time="0.0" classname="com.selenium.mindmatrix.project.CompanyRelated.TestCompanyCreation">
    <skipped/>
  </testcase> <!-- subTest4_8 -->
  <testcase name="testCompanyCreation" time="0.0" classname="com.selenium.mindmatrix.project.CompanyRelated.TestCompanyCreation">
    <skipped/>
  </testcase> <!-- testCompanyCreation -->
  <testcase name="testCompanyCreation4_10" time="0.001" classname="com.selenium.mindmatrix.project.CompanyRelated.TestCompanyCreation">
    <skipped/>
  </testcase> <!-- testCompanyCreation4_10 -->
  <testcase name="testCompanyCreation4_11" time="0.0" classname="com.selenium.mindmatrix.project.CompanyRelated.TestCompanyCreation">
    <skipped/>
  </testcase> <!-- testCompanyCreation4_11 -->
  <testcase name="testCompanyCreation4_5" time="0.0" classname="com.selenium.mindmatrix.project.CompanyRelated.TestCompanyCreation">
    <skipped/>
  </testcase> <!-- testCompanyCreation4_5 -->
  <testcase name="testCompanyCreation4_9" time="0.0" classname="com.selenium.mindmatrix.project.CompanyRelated.TestCompanyCreation">
    <skipped/>
  </testcase> <!-- testCompanyCreation4_9 -->
  <testcase name="subTest5_1" time="0.001" classname="com.selenium.mindmatrix.project.CompanyRelated.EditCompany">
    <skipped/>
  </testcase> <!-- subTest5_1 -->
  <testcase name="testCopyCompany6_1" time="0.0" classname="com.selenium.mindmatrix.project.CompanyRelated.TestCopyCompany">
    <skipped/>
  </testcase> <!-- testCopyCompany6_1 -->
  <testcase name="testCopyCompany6_2" time="0.0" classname="com.selenium.mindmatrix.project.CompanyRelated.TestCopyCompany">
    <skipped/>
  </testcase> <!-- testCopyCompany6_2 -->
  <testcase name="testCompanyCreation" time="0.0" classname="com.selenium.mindmatrix.project.CompanyRelated.TestDeleteCompany">
    <skipped/>
  </testcase> <!-- testCompanyCreation -->
  <testcase name="testCompanyCreation1" time="0.0" classname="com.selenium.mindmatrix.project.CompanyRelated.TestDeleteCompany">
    <skipped/>
  </testcase> <!-- testCompanyCreation1 -->
  <testcase name="testCompanyCreation1" time="0.0" classname="com.selenium.mindmatrix.project.CompanyRelated.TestDeleteCompany">
    <skipped/>
  </testcase> <!-- testCompanyCreation1 -->
  <testcase name="testCompanyCreation1" time="0.0" classname="com.selenium.mindmatrix.project.CompanyRelated.TestDeleteCompany">
    <skipped/>
  </testcase> <!-- testCompanyCreation1 -->
  <testcase name="testCompanyCreation1" time="0.0" classname="com.selenium.mindmatrix.project.CompanyRelated.TestDeleteCompany">
    <skipped/>
  </testcase> <!-- testCompanyCreation1 -->
</testsuite> <!-- CompanyRelated -->
