<?xml version="1.0" encoding="UTF-8"?>
<!-- Generated by org.testng.reporters.JUnitXMLReporter -->
<testsuite hostname="DESKTOP-MQ1PM19" name="LoginFunctionality" tests="9" failures="0" timestamp="29 Aug 2019 05:53:34 GMT" time="1.341" errors="0">
  <testcase name="testLoginPagebeforeLoginAMP" time="0.001" classname="com.selenium.mindmatrix.project.LoginFunctionality.TestLoginPageBeforeLoginAMP">
    <skipped/>
  </testcase> <!-- testLoginPagebeforeLoginAMP -->
  <testcase name="testForgotPasswordPageBeforeLogin" time="0.002" classname="com.selenium.mindmatrix.project.LoginFunctionality.TestForgotPasswordPageBeforeLogin">
    <skipped/>
  </testcase> <!-- testForgotPasswordPageBeforeLogin -->
  <testcase name="subTest3_1" time="0.0" classname="com.selenium.mindmatrix.project.LoginFunctionality.TestLoginFuctionalityOfTheAMP">
    <skipped/>
  </testcase> <!-- subTest3_1 -->
  <testcase name="subTest3_2" time="0.0" classname="com.selenium.mindmatrix.project.LoginFunctionality.TestLoginFuctionalityOfTheAMP">
    <skipped/>
  </testcase> <!-- subTest3_2 -->
  <testcase name="subTest3_3" time="0.001" classname="com.selenium.mindmatrix.project.LoginFunctionality.TestLoginFuctionalityOfTheAMP">
    <skipped/>
  </testcase> <!-- subTest3_3 -->
  <testcase name="subTest3_4" time="0.001" classname="com.selenium.mindmatrix.project.LoginFunctionality.TestLoginFuctionalityOfTheAMP">
    <skipped/>
  </testcase> <!-- subTest3_4 -->
  <testcase name="subTest3_5" time="0.001" classname="com.selenium.mindmatrix.project.LoginFunctionality.TestLoginFuctionalityOfTheAMP">
    <skipped/>
  </testcase> <!-- subTest3_5 -->
  <testcase name="subTest3_6" time="0.0" classname="com.selenium.mindmatrix.project.LoginFunctionality.TestLoginFuctionalityOfTheAMP">
    <skipped/>
  </testcase> <!-- subTest3_6 -->
  <testcase name="subTest3_7" time="0.001" classname="com.selenium.mindmatrix.project.LoginFunctionality.TestLoginFuctionalityOfTheAMP">
    <skipped/>
  </testcase> <!-- subTest3_7 -->
</testsuite> <!-- LoginFunctionality -->
