<?xml version="1.0" encoding="UTF-8"?>
<!-- Generated by org.testng.reporters.JUnitXMLReporter -->
<testsuite hostname="DESKTOP-MQ1PM19" name="Opportunity" tests="9" failures="0" timestamp="21 Nov 2019 11:37:01 GMT" time="0.285" errors="0">
  <testcase name="defaultwithoutcustomfield" time="0.001" classname="com.selenium.mindmatrix.project.Opportunity.TestOpportunity">
    <skipped/>
  </testcase> <!-- defaultwithoutcustomfield -->
  <testcase name="defaultwithoutcustomfieldandLayout" time="0.001" classname="com.selenium.mindmatrix.project.Opportunity.TestOpportunity">
    <skipped/>
  </testcase> <!-- defaultwithoutcustomfieldandLayout -->
  <testcase name="defaultwithcustomfieldandLayout" time="0.001" classname="com.selenium.mindmatrix.project.Opportunity.TestOpportunity">
    <skipped/>
  </testcase> <!-- defaultwithcustomfieldandLayout -->
  <testcase name="stepprocesswithoutcustomfields" time="0.001" classname="com.selenium.mindmatrix.project.Opportunity.TestOpportunity">
    <skipped/>
  </testcase> <!-- stepprocesswithoutcustomfields -->
  <testcase name="stepprocesswithcustomfieldandlayout" time="0.0" classname="com.selenium.mindmatrix.project.Opportunity.TestOpportunity">
    <skipped/>
  </testcase> <!-- stepprocesswithcustomfieldandlayout -->
  <testcase name="manage" time="0.0" classname="com.selenium.mindmatrix.project.Opportunity.TestOpportunity">
    <skipped/>
  </testcase> <!-- manage -->
  <testcase name="opportunityreport" time="0.001" classname="com.selenium.mindmatrix.project.Opportunity.TestOpportunity">
    <skipped/>
  </testcase> <!-- opportunityreport -->
  <testcase name="subTest14_8" time="0.0" classname="com.selenium.mindmatrix.project.Opportunity.TestOpportunity">
    <skipped/>
  </testcase> <!-- subTest14_8 -->
  <testcase name="subTest14_9" time="0.001" classname="com.selenium.mindmatrix.project.Opportunity.TestOpportunity">
    <skipped/>
  </testcase> <!-- subTest14_9 -->
</testsuite> <!-- Opportunity -->
