<?xml version="1.0" encoding="UTF-8"?>
<testng-results skipped="0" failed="1" total="1" passed="0">
  <reporter-output>
  </reporter-output>
  <suite name="Default suite" duration-ms="1380" started-at="2020-07-08T12:37:56Z" finished-at="2020-07-08T12:37:57Z">
    <groups>
    </groups>
    <test name="Default test" duration-ms="1380" started-at="2020-07-08T12:37:56Z" finished-at="2020-07-08T12:37:57Z">
      <class name="com.selenium.mindmatrix.project.CriticalFunctionalityCheck.MDFRequestAndapproval">
        <test-method status="PASS" signature="init1()[pri:0, instance:com.selenium.mindmatrix.project.CriticalFunctionalityCheck.MDFRequestAndapproval@479d31f3]" name="init1" is-config="true" duration-ms="12" started-at="2020-07-08T18:07:57Z" finished-at="2020-07-08T18:07:57Z">
          <reporter-output>
          </reporter-output>
        </test-method> <!-- init1 -->
        <test-method status="FAIL" signature="TestTC2(java.util.Hashtable)[pri:0, instance:com.selenium.mindmatrix.project.CriticalFunctionalityCheck.MDFRequestAndapproval@479d31f3]" name="TestTC2" duration-ms="14" started-at="2020-07-08T18:07:57Z" data-provider="getDataTC12" finished-at="2020-07-08T18:07:57Z">
          <params>
            <param index="0">
              <value>
                <![CDATA[{URL=https://mm.amp.vg, User's emailID=munish@mailinator.com}]]>
              </value>
            </param>
          </params>
          <exception class="java.lang.NullPointerException">
            <full-stacktrace>
              <![CDATA[java.lang.NullPointerException
	at com.selenium.mindmatrix.project.CriticalFunctionalityCheck.MDFRequestAndapproval.TestTC2(MDFRequestAndapproval.java:59)
	at sun.reflect.NativeMethodAccessorImpl.invoke0(Native Method)
	at sun.reflect.NativeMethodAccessorImpl.invoke(Unknown Source)
	at sun.reflect.DelegatingMethodAccessorImpl.invoke(Unknown Source)
	at java.lang.reflect.Method.invoke(Unknown Source)
	at org.testng.internal.MethodInvocationHelper.invokeMethod(MethodInvocationHelper.java:85)
	at org.testng.internal.Invoker.invokeMethod(Invoker.java:639)
	at org.testng.internal.Invoker.invokeTestMethod(Invoker.java:821)
	at org.testng.internal.Invoker.invokeTestMethods(Invoker.java:1131)
	at org.testng.internal.TestMethodWorker.invokeTestMethods(TestMethodWorker.java:124)
	at org.testng.internal.TestMethodWorker.run(TestMethodWorker.java:108)
	at org.testng.TestRunner.privateRun(TestRunner.java:773)
	at org.testng.TestRunner.run(TestRunner.java:623)
	at org.testng.SuiteRunner.runTest(SuiteRunner.java:357)
	at org.testng.SuiteRunner.runSequentially(SuiteRunner.java:352)
	at org.testng.SuiteRunner.privateRun(SuiteRunner.java:310)
	at org.testng.SuiteRunner.run(SuiteRunner.java:259)
	at org.testng.SuiteRunnerWorker.runSuite(SuiteRunnerWorker.java:52)
	at org.testng.SuiteRunnerWorker.run(SuiteRunnerWorker.java:86)
	at org.testng.TestNG.runSuitesSequentially(TestNG.java:1185)
	at org.testng.TestNG.runSuitesLocally(TestNG.java:1110)
	at org.testng.TestNG.run(TestNG.java:1018)
	at org.testng.remote.AbstractRemoteTestNG.run(AbstractRemoteTestNG.java:115)
	at org.testng.remote.RemoteTestNG.initAndRun(RemoteTestNG.java:251)
	at org.testng.remote.RemoteTestNG.main(RemoteTestNG.java:77)
]]>
            </full-stacktrace>
          </exception> <!-- java.lang.NullPointerException -->
          <reporter-output>
          </reporter-output>
        </test-method> <!-- TestTC2 -->
        <test-method status="PASS" signature="quit()[pri:0, instance:com.selenium.mindmatrix.project.CriticalFunctionalityCheck.MDFRequestAndapproval@479d31f3]" name="quit" is-config="true" duration-ms="632" started-at="2020-07-08T18:07:57Z" finished-at="2020-07-08T18:07:57Z">
          <reporter-output>
          </reporter-output>
        </test-method> <!-- quit -->
      </class> <!-- com.selenium.mindmatrix.project.CriticalFunctionalityCheck.MDFRequestAndapproval -->
    </test> <!-- Default test -->
  </suite> <!-- Default suite -->
</testng-results>
